./config.py:1:16: E221 multiple spaces before operator
./config.py:1:30: E261 at least two spaces before inline comment
./config.py:1:31: E262 inline comment should start with '# '
./config.py:2:16: E221 multiple spaces before operator
./config.py:2:29: E261 at least two spaces before inline comment
./config.py:2:29: E262 inline comment should start with '# '
./config.py:4:1: E265 block comment should start with '# '
./config.py:5:1: E265 block comment should start with '# '
./config.py:6:1: E265 block comment should start with '# '
./config.py:9:1: E265 block comment should start with '# '
./config.py:9:44: W292 no newline at end of file
./config.py:9:44: W292 no newline at end of file
./config.py:9:44: W292 no newline at end of file
./image_processing.py:6:10: E221 multiple spaces before operator
./image_processing.py:6:30: E261 at least two spaces before inline comment
./image_processing.py:6:31: E262 inline comment should start with '# '
./image_processing.py:7:8: E221 multiple spaces before operator
./image_processing.py:7:28: E261 at least two spaces before inline comment
./image_processing.py:7:29: E262 inline comment should start with '# '
./image_processing.py:8:9: E221 multiple spaces before operator
./image_processing.py:8:28: E261 at least two spaces before inline comment
./image_processing.py:8:29: E262 inline comment should start with '# '
./image_processing.py:9:16: E221 multiple spaces before operator
./image_processing.py:10:8: E221 multiple spaces before operator
./image_processing.py:11:5: E221 multiple spaces before operator
./image_processing.py:14:14: E221 multiple spaces before operator
./image_processing.py:17:9: E117 over-indented
./image_processing.py:17:12: E231 missing whitespace after ','
./image_processing.py:17:40: E231 missing whitespace after ','
./image_processing.py:17:50: E231 missing whitespace after ','
./image_processing.py:17:54: E231 missing whitespace after ','
./image_processing.py:18:26: W291 trailing whitespace
./image_processing.py:24:9: E117 over-indented
./image_processing.py:24:28: E231 missing whitespace after ','
./image_processing.py:24:42: W291 trailing whitespace
./image_processing.py:25:65: W291 trailing whitespace
./image_processing.py:31:9: E117 over-indented
./image_processing.py:31:28: E231 missing whitespace after ','
./image_processing.py:31:42: W291 trailing whitespace
./image_processing.py:32:68: W291 trailing whitespace
./image_processing.py:36:1: W293 blank line contains whitespace
./image_processing.py:37:13: E251 unexpected spaces around keyword / parameter equals
./image_processing.py:37:15: E251 unexpected spaces around keyword / parameter equals
./image_processing.py:37:31: E251 unexpected spaces around keyword / parameter equals
./image_processing.py:37:33: E251 unexpected spaces around keyword / parameter equals
./image_processing.py:37:44: E251 unexpected spaces around keyword / parameter equals
./image_processing.py:37:46: E251 unexpected spaces around keyword / parameter equals
./image_processing.py:38:32: E231 missing whitespace after ','
./image_processing.py:38:43: E231 missing whitespace after ','
./image_processing.py:38:54: E231 missing whitespace after ','
./image_processing.py:43:25: E261 at least two spaces before inline comment
./image_processing.py:43:26: E262 inline comment should start with '# '
./image_processing.py:49:31: E231 missing whitespace after ','
./image_processing.py:49:34: E261 at least two spaces before inline comment
./image_processing.py:50:26: E261 at least two spaces before inline comment
./image_processing.py:50:27: E262 inline comment should start with '# '
./image_processing.py:53:90: E261 at least two spaces before inline comment
./image_processing.py:56:42: E231 missing whitespace after ','
./image_processing.py:57:42: E231 missing whitespace after ','
./image_processing.py:60:31: E231 missing whitespace after ','
./image_processing.py:60:36: E231 missing whitespace after ','
./image_processing.py:65:10: E231 missing whitespace after ','
./image_processing.py:69:17: E225 missing whitespace around operator
./image_processing.py:70:31: E201 whitespace after '['
./image_processing.py:70:64: E202 whitespace before ']'
./image_processing.py:70:78: E231 missing whitespace after ','
./image_processing.py:70:80: E231 missing whitespace after ','
./image_processing.py:71:31: E201 whitespace after '['
./image_processing.py:71:64: E202 whitespace before ']'
./image_processing.py:71:78: E231 missing whitespace after ','
./image_processing.py:71:80: E231 missing whitespace after ','
./image_processing.py:73:62: E251 unexpected spaces around keyword / parameter equals
./image_processing.py:73:64: E251 unexpected spaces around keyword / parameter equals
./image_processing.py:73:98: E251 unexpected spaces around keyword / parameter equals
./image_processing.py:73:100: E251 unexpected spaces around keyword / parameter equals
./image_processing.py:73:112: E251 unexpected spaces around keyword / parameter equals
./image_processing.py:73:114: E251 unexpected spaces around keyword / parameter equals
./image_processing.py:73:126: E501 line too long (139 > 125 characters)
./image_processing.py:73:131: E251 unexpected spaces around keyword / parameter equals
./image_processing.py:73:133: E251 unexpected spaces around keyword / parameter equals
./image_processing.py:76:10: E231 missing whitespace after ','
./image_processing.py:78:27: E201 whitespace after '['
./image_processing.py:78:30: E231 missing whitespace after ','
./image_processing.py:78:33: E231 missing whitespace after ','
./image_processing.py:78:36: E231 missing whitespace after ','
./image_processing.py:78:41: E231 missing whitespace after ','
./image_processing.py:78:46: E231 missing whitespace after ','
./image_processing.py:78:51: E231 missing whitespace after ','
./image_processing.py:78:56: E231 missing whitespace after ','
./image_processing.py:78:59: E202 whitespace before ']'
./image_processing.py:78:73: E231 missing whitespace after ','
./image_processing.py:78:75: E231 missing whitespace after ','
./image_processing.py:79:31: E231 missing whitespace after ','
./image_processing.py:79:50: E231 missing whitespace after ','
./image_processing.py:79:52: E231 missing whitespace after ','
./image_processing.py:82:47: E231 missing whitespace after ','
./image_processing.py:83:49: E231 missing whitespace after ','
./image_processing.py:84:36: E231 missing whitespace after ','
./image_processing.py:84:52: E231 missing whitespace after ','
./image_processing.py:84:57: E231 missing whitespace after ','
./image_processing.py:84:60: E231 missing whitespace after ','
./image_processing.py:85:33: E231 missing whitespace after ','
./image_processing.py:85:64: E231 missing whitespace after ','
./image_processing.py:86:13: E265 block comment should start with '# '
./image_processing.py:89:13: E265 block comment should start with '# '
./image_processing.py:97:34: E251 unexpected spaces around keyword / parameter equals
./image_processing.py:97:36: E251 unexpected spaces around keyword / parameter equals
./image_processing.py:97:39: E231 missing whitespace after ','
./image_processing.py:97:43: E231 missing whitespace after ','
./image_processing.py:97:47: E261 at least two spaces before inline comment
./image_processing.py:98:17: E128 continuation line under-indented for visual indent
./image_processing.py:98:33: E251 unexpected spaces around keyword / parameter equals
./image_processing.py:98:35: E251 unexpected spaces around keyword / parameter equals
./image_processing.py:99:17: E128 continuation line under-indented for visual indent
./image_processing.py:99:28: E251 unexpected spaces around keyword / parameter equals
./image_processing.py:99:30: E251 unexpected spaces around keyword / parameter equals
./image_processing.py:99:43: E261 at least two spaces before inline comment
./image_processing.py:100:17: E128 continuation line under-indented for visual indent
./image_processing.py:100:22: E251 unexpected spaces around keyword / parameter equals
./image_processing.py:100:24: E251 unexpected spaces around keyword / parameter equals
./image_processing.py:102:31: E231 missing whitespace after ','
./image_processing.py:102:35: E231 missing whitespace after ','
./image_processing.py:102:39: E231 missing whitespace after ','
./image_processing.py:102:43: E231 missing whitespace after ','
./image_processing.py:102:48: E231 missing whitespace after ','
./image_processing.py:102:53: E231 missing whitespace after ','
./image_processing.py:103:5: E265 block comment should start with '# '
./image_processing.py:106:5: E265 block comment should start with '# '
./image_processing.py:106:5: E303 too many blank lines (2)
./image_processing.py:110:1: W293 blank line contains whitespace
./obsolete.py:11:120: W291 trailing whitespace
./obsolete.py:15:20: E221 multiple spaces before operator
./obsolete.py:16:20: E221 multiple spaces before operator
./obsolete.py:17:22: E221 multiple spaces before operator
./obsolete.py:18:18: E221 multiple spaces before operator
./obsolete.py:19:19: E221 multiple spaces before operator
./obsolete.py:20:20: E221 multiple spaces before operator
./obsolete.py:22:14: E221 multiple spaces before operator
./obsolete.py:22:34: E261 at least two spaces before inline comment
./obsolete.py:22:35: E262 inline comment should start with '# '
./obsolete.py:23:12: E221 multiple spaces before operator
./obsolete.py:23:32: E261 at least two spaces before inline comment
./obsolete.py:23:33: E262 inline comment should start with '# '
./obsolete.py:24:13: E221 multiple spaces before operator
./obsolete.py:24:32: E261 at least two spaces before inline comment
./obsolete.py:24:33: E262 inline comment should start with '# '
./obsolete.py:26:18: E221 multiple spaces before operator
./obsolete.py:27:21: E221 multiple spaces before operator
./obsolete.py:32:5: E303 too many blank lines (2)
./obsolete.py:33:126: E501 line too long (226 > 125 characters)
./obsolete.py:35:1: W293 blank line contains whitespace
./obsolete.py:36:31: E251 unexpected spaces around keyword / parameter equals
./obsolete.py:36:33: E251 unexpected spaces around keyword / parameter equals
./obsolete.py:39:13: E265 block comment should start with '# '
./obsolete.py:40:1: W293 blank line contains whitespace
./obsolete.py:41:31: E231 missing whitespace after ','
./obsolete.py:41:34: W291 trailing whitespace
./obsolete.py:42:32: E231 missing whitespace after ','
./obsolete.py:44:47: E231 missing whitespace after ','
./obsolete.py:44:49: E231 missing whitespace after ','
./obsolete.py:44:53: E231 missing whitespace after ','
./obsolete.py:48:14: E231 missing whitespace after ','
./obsolete.py:49:27: E231 missing whitespace after ','
./obsolete.py:49:30: E231 missing whitespace after ','
./obsolete.py:49:33: E231 missing whitespace after ','
./obsolete.py:49:35: E231 missing whitespace after ','
./obsolete.py:49:47: E231 missing whitespace after ','
./obsolete.py:50:46: E231 missing whitespace after ','
./obsolete.py:52:24: E231 missing whitespace after ','
./obsolete.py:53:9: E265 block comment should start with '# '
./obsolete.py:53:34: W291 trailing whitespace
./obsolete.py:55:27: E251 unexpected spaces around keyword / parameter equals
./obsolete.py:55:29: E251 unexpected spaces around keyword / parameter equals
./obsolete.py:56:16: E711 comparison to None should be 'if cond is None:'
./obsolete.py:60:1: W293 blank line contains whitespace
./obsolete.py:63:17: E265 block comment should start with '# '
./obsolete.py:64:28: E231 missing whitespace after ','
./obsolete.py:64:69: E231 missing whitespace after ','
./obsolete.py:72:67: E251 unexpected spaces around keyword / parameter equals
./obsolete.py:72:69: E251 unexpected spaces around keyword / parameter equals
./obsolete.py:72:85: W291 trailing whitespace
./obsolete.py:75:31: E251 unexpected spaces around keyword / parameter equals
./obsolete.py:75:33: E251 unexpected spaces around keyword / parameter equals
./obsolete.py:78:12: E231 missing whitespace after ','
./obsolete.py:78:40: E231 missing whitespace after ','
./obsolete.py:78:55: E231 missing whitespace after ','
./obsolete.py:78:59: E231 missing whitespace after ','
./obsolete.py:79:31: W291 trailing whitespace
./obsolete.py:83:1: W293 blank line contains whitespace
./obsolete.py:89:16: E231 missing whitespace after ','
./obsolete.py:95:1: W293 blank line contains whitespace
./obsolete.py:96:24: E251 unexpected spaces around keyword / parameter equals
./obsolete.py:96:26: E251 unexpected spaces around keyword / parameter equals
./obsolete.py:99:34: E231 missing whitespace after ','
./obsolete.py:99:38: E231 missing whitespace after ','
./obsolete.py:102:34: E231 missing whitespace after ','
./obsolete.py:102:38: E231 missing whitespace after ','
./obsolete.py:104:1: W293 blank line contains whitespace
./obsolete.py:105:1: W293 blank line contains whitespace
./obsolete.py:107:1: W293 blank line contains whitespace
./obsolete.py:108:9: E303 too many blank lines (4)
./obsolete.py:110:26: E251 unexpected spaces around keyword / parameter equals
./obsolete.py:110:28: E251 unexpected spaces around keyword / parameter equals
./obsolete.py:111:28: E231 missing whitespace after ','
./obsolete.py:111:42: W291 trailing whitespace
./obsolete.py:114:70: W291 trailing whitespace
./obsolete.py:118:1: W293 blank line contains whitespace
./obsolete.py:119:27: E251 unexpected spaces around keyword / parameter equals
./obsolete.py:119:29: E251 unexpected spaces around keyword / parameter equals
./obsolete.py:120:28: E231 missing whitespace after ','
./obsolete.py:120:42: W291 trailing whitespace
./obsolete.py:123:73: W291 trailing whitespace
./obsolete.py:127:1: W293 blank line contains whitespace
./obsolete.py:128:23: E251 unexpected spaces around keyword / parameter equals
./obsolete.py:128:25: E251 unexpected spaces around keyword / parameter equals
./obsolete.py:131:1: W293 blank line contains whitespace
./obsolete.py:132:36: E231 missing whitespace after ','
./obsolete.py:132:39: E231 missing whitespace after ','
./obsolete.py:132:42: E231 missing whitespace after ','
./obsolete.py:149:27: E231 missing whitespace after ','
./obsolete.py:154:38: E251 unexpected spaces around keyword / parameter equals
./obsolete.py:154:40: E251 unexpected spaces around keyword / parameter equals
./obsolete.py:154:47: E261 at least two spaces before inline comment
./obsolete.py:154:48: E262 inline comment should start with '# '
./obsolete.py:155:49: E231 missing whitespace after ','
./obsolete.py:156:36: E231 missing whitespace after ','
./obsolete.py:156:39: E261 at least two spaces before inline comment
./obsolete.py:157:25: E231 missing whitespace after ','
./obsolete.py:160:33: E261 at least two spaces before inline comment
./obsolete.py:160:34: E262 inline comment should start with '# '
./obsolete.py:162:19: E127 continuation line over-indented for visual indent
./obsolete.py:164:46: E231 missing whitespace after ','
./obsolete.py:165:46: E231 missing whitespace after ','
./obsolete.py:170:32: E231 missing whitespace after ','
./obsolete.py:172:38: E251 unexpected spaces around keyword / parameter equals
./obsolete.py:172:40: E251 unexpected spaces around keyword / parameter equals
./obsolete.py:172:49: E231 missing whitespace after ':'
./obsolete.py:175:36: E231 missing whitespace after ','
./obsolete.py:175:40: E231 missing whitespace after ','
./obsolete.py:175:45: E231 missing whitespace after ','
./obsolete.py:175:49: E231 missing whitespace after ','
./obsolete.py:175:61: E231 missing whitespace after ','
./obsolete.py:177:25: E231 missing whitespace after ','
./obsolete.py:179:28: E251 unexpected spaces around keyword / parameter equals
./obsolete.py:179:30: E251 unexpected spaces around keyword / parameter equals
./obsolete.py:179:37: E261 at least two spaces before inline comment
./obsolete.py:179:38: E262 inline comment should start with '# '
./obsolete.py:182:36: E231 missing whitespace after ','
./obsolete.py:183:9: E265 block comment should start with '# '
./obsolete.py:184:13: E116 unexpected indentation (comment)
./obsolete.py:184:13: E265 block comment should start with '# '
./obsolete.py:185:39: E231 missing whitespace after ','
./obsolete.py:185:42: E261 at least two spaces before inline comment
./obsolete.py:187:1: W293 blank line contains whitespace
./obsolete.py:189:9: E303 too many blank lines (2)
./obsolete.py:193:47: E231 missing whitespace after ','
./obsolete.py:194:47: E231 missing whitespace after ','
./obsolete.py:197:38: E251 unexpected spaces around keyword / parameter equals
./obsolete.py:197:40: E251 unexpected spaces around keyword / parameter equals
./obsolete.py:197:66: E251 unexpected spaces around keyword / parameter equals
./obsolete.py:197:68: E251 unexpected spaces around keyword / parameter equals
./obsolete.py:198:36: E251 unexpected spaces around keyword / parameter equals
./obsolete.py:198:38: E251 unexpected spaces around keyword / parameter equals
./obsolete.py:205:38: E231 missing whitespace after ','
./obsolete.py:205:43: E231 missing whitespace after ','
./obsolete.py:209:14: E231 missing whitespace after ','
./obsolete.py:214:9: E303 too many blank lines (2)
./obsolete.py:214:21: E225 missing whitespace around operator
./obsolete.py:215:35: E201 whitespace after '['
./obsolete.py:215:68: E202 whitespace before ']'
./obsolete.py:215:82: E231 missing whitespace after ','
./obsolete.py:215:84: E231 missing whitespace after ','
./obsolete.py:216:35: E201 whitespace after '['
./obsolete.py:216:68: E202 whitespace before ']'
./obsolete.py:216:82: E231 missing whitespace after ','
./obsolete.py:216:84: E231 missing whitespace after ','
./obsolete.py:218:70: E231 missing whitespace after ','
./obsolete.py:220:14: E231 missing whitespace after ','
./obsolete.py:221:31: E201 whitespace after '['
./obsolete.py:221:34: E231 missing whitespace after ','
./obsolete.py:221:37: E231 missing whitespace after ','
./obsolete.py:221:40: E231 missing whitespace after ','
./obsolete.py:221:45: E231 missing whitespace after ','
./obsolete.py:221:50: E231 missing whitespace after ','
./obsolete.py:221:55: E231 missing whitespace after ','
./obsolete.py:221:60: E231 missing whitespace after ','
./obsolete.py:221:63: E202 whitespace before ']'
./obsolete.py:221:77: E231 missing whitespace after ','
./obsolete.py:221:79: E231 missing whitespace after ','
./obsolete.py:222:35: E231 missing whitespace after ','
./obsolete.py:222:39: E231 missing whitespace after ','
./obsolete.py:222:43: E231 missing whitespace after ','
./obsolete.py:222:52: E231 missing whitespace after ','
./obsolete.py:222:61: E231 missing whitespace after ','
./obsolete.py:222:78: E231 missing whitespace after ','
./obsolete.py:222:80: E231 missing whitespace after ','
./obsolete.py:223:13: E265 block comment should start with '# '
./obsolete.py:225:51: E231 missing whitespace after ','
./obsolete.py:226:53: E231 missing whitespace after ','
./obsolete.py:227:17: E265 block comment should start with '# '
./obsolete.py:229:42: E231 missing whitespace after ','
./obsolete.py:229:58: E231 missing whitespace after ','
./obsolete.py:229:63: E231 missing whitespace after ','
./obsolete.py:229:66: E231 missing whitespace after ','
./obsolete.py:230:42: E231 missing whitespace after ','
./obsolete.py:230:59: E231 missing whitespace after ','
./obsolete.py:230:64: E231 missing whitespace after ','
./obsolete.py:230:67: E231 missing whitespace after ','
./obsolete.py:234:1: W293 blank line contains whitespace
./obsolete.py:235:13: E265 block comment should start with '# '
./obsolete.py:238:9: E303 too many blank lines (2)
./obsolete.py:239:13: E265 block comment should start with '# '
./obsolete.py:242:38: E251 unexpected spaces around keyword / parameter equals
./obsolete.py:242:40: E251 unexpected spaces around keyword / parameter equals
./obsolete.py:242:43: E231 missing whitespace after ','
./obsolete.py:242:47: E231 missing whitespace after ','
./obsolete.py:242:51: E261 at least two spaces before inline comment
./obsolete.py:243:20: E128 continuation line under-indented for visual indent
./obsolete.py:243:36: E251 unexpected spaces around keyword / parameter equals
./obsolete.py:243:38: E251 unexpected spaces around keyword / parameter equals
./obsolete.py:244:20: E128 continuation line under-indented for visual indent
./obsolete.py:244:31: E251 unexpected spaces around keyword / parameter equals
./obsolete.py:244:33: E251 unexpected spaces around keyword / parameter equals
./obsolete.py:244:46: E261 at least two spaces before inline comment
./obsolete.py:245:20: E128 continuation line under-indented for visual indent
./obsolete.py:245:25: E251 unexpected spaces around keyword / parameter equals
./obsolete.py:245:27: E251 unexpected spaces around keyword / parameter equals
./obsolete.py:247:36: E231 missing whitespace after ','
./obsolete.py:247:40: E231 missing whitespace after ','
./obsolete.py:247:45: E231 missing whitespace after ','
./obsolete.py:247:49: E231 missing whitespace after ','
./obsolete.py:247:54: E231 missing whitespace after ','
./obsolete.py:247:59: E231 missing whitespace after ','
./obsolete.py:249:22: E231 missing whitespace after ','
./obsolete.py:249:24: E231 missing whitespace after ','
./obsolete.py:253:9: E265 block comment should start with '# '
./obsolete.py:257:1: W293 blank line contains whitespace
./obsolete.py:258:36: E251 unexpected spaces around keyword / parameter equals
./obsolete.py:258:38: E251 unexpected spaces around keyword / parameter equals
./obsolete.py:261:36: E231 missing whitespace after ','
./obsolete.py:262:9: E265 block comment should start with '# '
./obsolete.py:263:13: E116 unexpected indentation (comment)
./obsolete.py:263:13: E265 block comment should start with '# '
./obsolete.py:264:39: E231 missing whitespace after ','
./obsolete.py:264:42: E261 at least two spaces before inline comment
./obsolete.py:266:1: W293 blank line contains whitespace
./obsolete.py:268:9: E303 too many blank lines (2)
./obsolete.py:272:47: E231 missing whitespace after ','
./obsolete.py:273:47: E231 missing whitespace after ','
./obsolete.py:279:35: E231 missing whitespace after ','
./obsolete.py:282:9: E265 block comment should start with '# '
./obsolete.py:286:14: E231 missing whitespace after ','
./obsolete.py:291:9: E303 too many blank lines (2)
./obsolete.py:291:21: E225 missing whitespace around operator
./obsolete.py:293:35: E201 whitespace after '['
./obsolete.py:293:68: E202 whitespace before ']'
./obsolete.py:293:82: E231 missing whitespace after ','
./obsolete.py:293:84: E231 missing whitespace after ','
./obsolete.py:294:35: E201 whitespace after '['
./obsolete.py:294:68: E202 whitespace before ']'
./obsolete.py:294:82: E231 missing whitespace after ','
./obsolete.py:294:84: E231 missing whitespace after ','
./obsolete.py:296:59: E261 at least two spaces before inline comment
./obsolete.py:296:60: E262 inline comment should start with '# '
./obsolete.py:298:14: E231 missing whitespace after ','
./obsolete.py:299:31: E201 whitespace after '['
./obsolete.py:299:34: E231 missing whitespace after ','
./obsolete.py:299:37: E231 missing whitespace after ','
./obsolete.py:299:40: E231 missing whitespace after ','
./obsolete.py:299:45: E231 missing whitespace after ','
./obsolete.py:299:50: E231 missing whitespace after ','
./obsolete.py:299:55: E231 missing whitespace after ','
./obsolete.py:299:60: E231 missing whitespace after ','
./obsolete.py:299:63: E202 whitespace before ']'
./obsolete.py:299:77: E231 missing whitespace after ','
./obsolete.py:299:79: E231 missing whitespace after ','
./obsolete.py:300:13: E265 block comment should start with '# '
./obsolete.py:302:51: E231 missing whitespace after ','
./obsolete.py:303:42: E231 missing whitespace after ','
./obsolete.py:303:58: E231 missing whitespace after ','
./obsolete.py:303:63: E231 missing whitespace after ','
./obsolete.py:303:66: E231 missing whitespace after ','
./obsolete.py:306:1: W293 blank line contains whitespace
./obsolete.py:307:13: E265 block comment should start with '# '
./obsolete.py:310:9: E303 too many blank lines (2)
./obsolete.py:311:13: E265 block comment should start with '# '
./obsolete.py:314:38: E251 unexpected spaces around keyword / parameter equals
./obsolete.py:314:40: E251 unexpected spaces around keyword / parameter equals
./obsolete.py:314:43: E231 missing whitespace after ','
./obsolete.py:314:47: E231 missing whitespace after ','
./obsolete.py:314:51: E261 at least two spaces before inline comment
./obsolete.py:315:20: E128 continuation line under-indented for visual indent
./obsolete.py:315:36: E251 unexpected spaces around keyword / parameter equals
./obsolete.py:315:38: E251 unexpected spaces around keyword / parameter equals
./obsolete.py:316:20: E128 continuation line under-indented for visual indent
./obsolete.py:316:31: E251 unexpected spaces around keyword / parameter equals
./obsolete.py:316:33: E251 unexpected spaces around keyword / parameter equals
./obsolete.py:316:46: E261 at least two spaces before inline comment
./obsolete.py:317:20: E128 continuation line under-indented for visual indent
./obsolete.py:317:25: E251 unexpected spaces around keyword / parameter equals
./obsolete.py:317:27: E251 unexpected spaces around keyword / parameter equals
./obsolete.py:319:39: E231 missing whitespace after ','
./obsolete.py:319:43: E231 missing whitespace after ','
./obsolete.py:319:48: E231 missing whitespace after ','
./obsolete.py:319:52: E231 missing whitespace after ','
./obsolete.py:319:60: E231 missing whitespace after ','
./obsolete.py:319:65: E231 missing whitespace after ','
./obsolete.py:321:22: E231 missing whitespace after ','
./obsolete.py:321:24: E231 missing whitespace after ','
./obsolete.py:325:9: E265 block comment should start with '# '
./obsolete.py:329:1: W293 blank line contains whitespace
./obsolete.py:330:34: E251 unexpected spaces around keyword / parameter equals
./obsolete.py:330:36: E251 unexpected spaces around keyword / parameter equals
./obsolete.py:330:43: W291 trailing whitespace
./obsolete.py:332:32: E231 missing whitespace after ','
./obsolete.py:333:31: E231 missing whitespace after ','
./obsolete.py:333:34: E231 missing whitespace after ','
./obsolete.py:333:38: E231 missing whitespace after ','
./obsolete.py:333:51: E251 unexpected spaces around keyword / parameter equals
./obsolete.py:333:53: E251 unexpected spaces around keyword / parameter equals
./obsolete.py:335:37: E251 unexpected spaces around keyword / parameter equals
./obsolete.py:335:39: E251 unexpected spaces around keyword / parameter equals
./obsolete.py:336:35: E251 unexpected spaces around keyword / parameter equals
./obsolete.py:336:37: E251 unexpected spaces around keyword / parameter equals
./obsolete.py:337:37: E251 unexpected spaces around keyword / parameter equals
./obsolete.py:337:39: E251 unexpected spaces around keyword / parameter equals
./obsolete.py:338:41: E251 unexpected spaces around keyword / parameter equals
./obsolete.py:338:43: E251 unexpected spaces around keyword / parameter equals
./obsolete.py:339:16: E231 missing whitespace after ','
./obsolete.py:349:25: E231 missing whitespace after ','
./obsolete.py:349:29: E231 missing whitespace after ','
./obsolete.py:349:33: E231 missing whitespace after ','
./obsolete.py:349:37: E231 missing whitespace after ','
./obsolete.py:349:41: E231 missing whitespace after ','
./obsolete.py:349:44: E231 missing whitespace after ','
./obsolete.py:349:46: E231 missing whitespace after ','
./obsolete.py:349:51: E231 missing whitespace after ','
./obsolete.py:351:38: E231 missing whitespace after ','
./obsolete.py:352:1: W293 blank line contains whitespace
./obsolete.py:353:29: E251 unexpected spaces around keyword / parameter equals
./obsolete.py:353:31: E251 unexpected spaces around keyword / parameter equals
./obsolete.py:359:70: W291 trailing whitespace
./obsolete.py:360:9: E128 continuation line under-indented for visual indent
./obsolete.py:373:40: E231 missing whitespace after ','
./obsolete.py:375:1: W293 blank line contains whitespace
./obsolete.py:376:41: E231 missing whitespace after ','
./obsolete.py:376:50: E231 missing whitespace after ','
./obsolete.py:378:24: E201 whitespace after '('
./obsolete.py:380:66: E231 missing whitespace after ','
./obsolete.py:380:68: E231 missing whitespace after ','
./obsolete.py:382:30: E231 missing whitespace after ','
./obsolete.py:385:43: E231 missing whitespace after ','
./obsolete.py:388:19: E127 continuation line over-indented for visual indent
./obsolete.py:390:9: E265 block comment should start with '# '
./obsolete.py:391:9: E265 block comment should start with '# '
./obsolete.py:392:28: E231 missing whitespace after ','
./obsolete.py:398:37: E231 missing whitespace after ','
./obsolete.py:398:40: E231 missing whitespace after ','
./obsolete.py:398:45: E203 whitespace before ','
./obsolete.py:398:46: E231 missing whitespace after ','
./obsolete.py:398:55: E231 missing whitespace after ','
./obsolete.py:398:59: E231 missing whitespace after ','
./obsolete.py:399:25: E231 missing whitespace after ','
./obsolete.py:405:126: E501 line too long (137 > 125 characters)
./obsolete.py:417:5: E303 too many blank lines (3)
./obsolete.py:423:1: E305 expected 2 blank lines after class or function definition, found 0
./obsolete.py:424:15: W292 no newline at end of file
./park.py:10:1: W293 blank line contains whitespace
./park.py:12:5: E265 block comment should start with '# '
./park.py:15:1: E112 expected an indented block
./park.py:16:5: E265 block comment should start with '# '
./park.py:18:1: E112 expected an indented block
./park.py:19:5: E265 block comment should start with '# '
./park.py:21:1: E112 expected an indented block
./park.py:22:5: E265 block comment should start with '# '
./park.py:25:1: E115 expected an indented block (comment)
./park.py:25:1: E265 block comment should start with '# '
./park.py:25:64: W292 no newline at end of file
./park.py:25:64: W292 no newline at end of file
./park.py:25:64: W292 no newline at end of file
./sub.py:10:16: E221 multiple spaces before operator
./sub.py:11:16: E221 multiple spaces before operator
./sub.py:12:18: E221 multiple spaces before operator
./sub.py:13:17: E221 multiple spaces before operator
./sub.py:17:15: E211 whitespace before '('
./sub.py:20:1: E265 block comment should start with '# '
./sub.py:23:26: E251 unexpected spaces around keyword / parameter equals
./sub.py:23:28: E251 unexpected spaces around keyword / parameter equals
./sub.py:26:76: E241 multiple spaces after ','
./sub.py:26:126: E501 line too long (184 > 125 characters)
./sub.py:28:1: E265 block comment should start with '# '
./sub.py:29:1: E305 expected 2 blank lines after class or function definition, found 1
./sub.py:32:10: E221 multiple spaces before operator
./sub.py:33:10: E221 multiple spaces before operator
./sub.py:34:17: E221 multiple spaces before operator
./sub.py:35:17: E221 multiple spaces before operator
./sub.py:36:10: E221 multiple spaces before operator
./sub.py:37:5: E265 block comment should start with '# '
./sub.py:38:12: E711 comparison to None should be 'if cond is None:'
./sub.py:42:40: E251 unexpected spaces around keyword / parameter equals
./sub.py:42:42: E251 unexpected spaces around keyword / parameter equals
./sub.py:45:40: E231 missing whitespace after ','
./sub.py:45:57: E231 missing whitespace after ','
./sub.py:49:9: E265 block comment should start with '# '
./sub.py:50:1: W293 blank line contains whitespace
./sub.py:50:1: W391 blank line at end of file
./tests/conftest.py:12:48: W292 no newline at end of file
./tests/space_detection_tests.py:10:5: E265 block comment should start with '# '
./tests/space_detection_tests.py:10:48: W292 no newline at end of file
./tests/space_detection_tests.py:10:48: W292 no newline at end of file
./tests/space_detection_tests.py:10:48: W292 no newline at end of file
./lidarServer/InfoModel.py:12:53: W292 no newline at end of file
./lidarServer/LidarController.py:15:34: E252 missing whitespace around parameter equals
./lidarServer/LidarController.py:15:35: E252 missing whitespace around parameter equals
./lidarServer/LidarController.py:22:1: W293 blank line contains whitespace
./lidarServer/LidarController.py:29:1: W293 blank line contains whitespace
./lidarServer/LockModel.py:5:32: W292 no newline at end of file
./lidarServer/PublisherController.py:20:72: W292 no newline at end of file
./lidarServer/ScanModel.py:7:5: E301 expected 1 blank line, found 0
./lidarServer/ScanModel.py:13:1: W391 blank line at end of file
./lidarServer/Signal.py:11:23: W292 no newline at end of file
./lidarServer/ZmqModel.py:7:1: W293 blank line contains whitespace
./lidarServer/ZmqModel.py:15:1: W391 blank line at end of file
./lidarServer/__main__.py:14:126: E501 line too long (131 > 125 characters)
./lidarServer/config.py:2:20: W292 no newline at end of file
./lidarServer/lidar_proto.py:4:1: W191 indentation contains tabs
./lidarServer/lidar_proto.py:4:2: E113 unexpected indentation
./lidarServer/lidar_proto.py:6:1: E128 continuation line under-indented for visual indent
./lidarServer/lidar_proto.py:6:15: W504 line break after binary operator
./lidarServer/lidar_proto.py:7:1: E128 continuation line under-indented for visual indent
./lidarServer/lidar_proto.py:8:1: E128 continuation line under-indented for visual indent
./lidarServer/lidar_proto.py:9:1: E128 continuation line under-indented for visual indent
./lidarServer/lidar_proto.py:10:1: E128 continuation line under-indented for visual indent
./lidarServer/lidar_proto.py:11:1: W191 indentation contains tabs
./lidarServer/lidar_proto.py:11:2: E128 continuation line under-indented for visual indent
./lidarServer/lidar_proto.py:12:1: E128 continuation line under-indented for visual indent
./lidarServer/lidar_proto.py:13:1: E128 continuation line under-indented for visual indent
./lidarServer/lidar_proto.py:14:1: E128 continuation line under-indented for visual indent
./lidarServer/lidar_proto.py:15:1: W191 indentation contains tabs
./lidarServer/lidar_proto.py:15:2: E128 continuation line under-indented for visual indent
./lidarServer/lidar_proto.py:16:1: E128 continuation line under-indented for visual indent
./lidarServer/lidar_proto.py:17:1: E128 continuation line under-indented for visual indent
./lidarServer/lidar_proto.py:17:18: W504 line break after binary operator
./lidarServer/lidar_proto.py:19:1: E128 continuation line under-indented for visual indent
./lidarServer/lidar_proto.py:20:1: W191 indentation contains tabs
./lidarServer/lidar_proto.py:20:2: E128 continuation line under-indented for visual indent
./lidarServer/lidar_proto.py:21:2: E128 continuation line under-indented for visual indent
./lidarServer/lidar_proto.py:23:1: E128 continuation line under-indented for visual indent
./lidarServer/lidar_proto.py:24:1: E128 continuation line under-indented for visual indent
./lidarServer/lidar_proto.py:24:22: W292 no newline at end of file
./lidarServer/lidar_proto.py:25:1: E901 TokenError: EOF in multi-line statement
./lidarServer/lidar_proto_pb2.py:5:3: E225 missing whitespace around operator
./lidarServer/lidar_proto_pb2.py:5:23: E225 missing whitespace around operator
./lidarServer/lidar_proto_pb2.py:5:39: E231 missing whitespace after ':'
./lidarServer/lidar_proto_pb2.py:5:55: E231 missing whitespace after ':'
./lidarServer/lidar_proto_pb2.py:6:1: E402 module level import not at top of file
./lidarServer/lidar_proto_pb2.py:7:1: E402 module level import not at top of file
./lidarServer/lidar_proto_pb2.py:8:1: E402 module level import not at top of file
./lidarServer/lidar_proto_pb2.py:9:1: E402 module level import not at top of file
./lidarServer/lidar_proto_pb2.py:10:1: E402 module level import not at top of file
./lidarServer/lidar_proto_pb2.py:18:1: E303 too many blank lines (4)
./lidarServer/lidar_proto_pb2.py:19:3: E121 continuation line under-indented for hanging indent
./lidarServer/lidar_proto_pb2.py:22:126: E501 line too long (561 > 125 characters)
./lidarServer/lidar_proto_pb2.py:27:1: E303 too many blank lines (3)
./lidarServer/lidar_proto_pb2.py:28:3: E121 continuation line under-indented for hanging indent
./lidarServer/lidar_proto_pb2.py:33:5: E121 continuation line under-indented for hanging indent
./lidarServer/lidar_proto_pb2.py:34:7: E121 continuation line under-indented for hanging indent
./lidarServer/lidar_proto_pb2.py:38:7: E121 continuation line under-indented for hanging indent
./lidarServer/lidar_proto_pb2.py:51:3: E121 continuation line under-indented for hanging indent
./lidarServer/lidar_proto_pb2.py:57:5: E121 continuation line under-indented for hanging indent
./lidarServer/lidar_proto_pb2.py:58:7: E121 continuation line under-indented for hanging indent
./lidarServer/lidar_proto_pb2.py:65:7: E121 continuation line under-indented for hanging indent
./lidarServer/lidar_proto_pb2.py:76:5: E121 continuation line under-indented for hanging indent
./lidarServer/lidar_proto_pb2.py:90:3: E121 continuation line under-indented for hanging indent
./lidarServer/lidar_proto_pb2.py:96:5: E121 continuation line under-indented for hanging indent
./lidarServer/lidar_proto_pb2.py:97:7: E121 continuation line under-indented for hanging indent
./lidarServer/lidar_proto_pb2.py:104:7: E121 continuation line under-indented for hanging indent
./lidarServer/lidar_proto_pb2.py:128:3: E121 continuation line under-indented for hanging indent
./lidarServer/lidar_proto_pb2.py:134:5: E121 continuation line under-indented for hanging indent
./lidarServer/lidar_proto_pb2.py:135:7: E121 continuation line under-indented for hanging indent
./lidarServer/lidar_proto_pb2.py:142:7: E121 continuation line under-indented for hanging indent
./lidarServer/lidar_proto_pb2.py:166:3: E121 continuation line under-indented for hanging indent
./lidarServer/lidar_proto_pb2.py:172:5: E121 continuation line under-indented for hanging indent
./lidarServer/lidar_proto_pb2.py:173:7: E121 continuation line under-indented for hanging indent
./lidarServer/lidar_proto_pb2.py:197:3: E121 continuation line under-indented for hanging indent
./lidarServer/lidar_proto_pb2.py:203:5: E121 continuation line under-indented for hanging indent
./lidarServer/lidar_proto_pb2.py:204:7: E121 continuation line under-indented for hanging indent
./lidarServer/lidar_proto_pb2.py:237:3: E121 continuation line under-indented for hanging indent
./lidarServer/lidar_proto_pb2.py:237:13: E251 unexpected spaces around keyword / parameter equals
./lidarServer/lidar_proto_pb2.py:237:15: E251 unexpected spaces around keyword / parameter equals
./lidarServer/lidar_proto_pb2.py:238:13: E251 unexpected spaces around keyword / parameter equals
./lidarServer/lidar_proto_pb2.py:238:15: E251 unexpected spaces around keyword / parameter equals
./lidarServer/lidar_proto_pb2.py:240:3: E123 closing bracket does not match indentation of opening bracket's line
./lidarServer/lidar_proto_pb2.py:244:3: E121 continuation line under-indented for hanging indent
./lidarServer/lidar_proto_pb2.py:244:13: E251 unexpected spaces around keyword / parameter equals
./lidarServer/lidar_proto_pb2.py:244:15: E251 unexpected spaces around keyword / parameter equals
./lidarServer/lidar_proto_pb2.py:245:13: E251 unexpected spaces around keyword / parameter equals
./lidarServer/lidar_proto_pb2.py:245:15: E251 unexpected spaces around keyword / parameter equals
./lidarServer/lidar_proto_pb2.py:247:3: E123 closing bracket does not match indentation of opening bracket's line
./lidarServer/lidar_proto_pb2.py:251:3: E121 continuation line under-indented for hanging indent
./lidarServer/lidar_proto_pb2.py:251:13: E251 unexpected spaces around keyword / parameter equals
./lidarServer/lidar_proto_pb2.py:251:15: E251 unexpected spaces around keyword / parameter equals
./lidarServer/lidar_proto_pb2.py:252:13: E251 unexpected spaces around keyword / parameter equals
./lidarServer/lidar_proto_pb2.py:252:15: E251 unexpected spaces around keyword / parameter equals
./lidarServer/lidar_proto_pb2.py:254:3: E123 closing bracket does not match indentation of opening bracket's line
./lidarServer/lidar_proto_pb2.py:258:3: E121 continuation line under-indented for hanging indent
./lidarServer/lidar_proto_pb2.py:258:13: E251 unexpected spaces around keyword / parameter equals
./lidarServer/lidar_proto_pb2.py:258:15: E251 unexpected spaces around keyword / parameter equals
./lidarServer/lidar_proto_pb2.py:259:13: E251 unexpected spaces around keyword / parameter equals
./lidarServer/lidar_proto_pb2.py:259:15: E251 unexpected spaces around keyword / parameter equals
./lidarServer/lidar_proto_pb2.py:261:3: E123 closing bracket does not match indentation of opening bracket's line
./lidarServer/lidar_proto_pb2.py:265:3: E121 continuation line under-indented for hanging indent
./lidarServer/lidar_proto_pb2.py:265:13: E251 unexpected spaces around keyword / parameter equals
./lidarServer/lidar_proto_pb2.py:265:15: E251 unexpected spaces around keyword / parameter equals
./lidarServer/lidar_proto_pb2.py:266:13: E251 unexpected spaces around keyword / parameter equals
./lidarServer/lidar_proto_pb2.py:266:15: E251 unexpected spaces around keyword / parameter equals
./lidarServer/lidar_proto_pb2.py:268:3: E123 closing bracket does not match indentation of opening bracket's line
./lidarServer/.vscode/.ropeproject/config.py:24:5: E265 block comment should start with '# '
./lidarServer/.vscode/.ropeproject/config.py:34:5: E265 block comment should start with '# '
./lidarServer/.vscode/.ropeproject/config.py:37:5: E265 block comment should start with '# '
./PyRoboViz/randomwalk.py:10:63: W291 trailing whitespace
./PyRoboViz/randomwalk.py:11:67: W291 trailing whitespace
./PyRoboViz/randomwalk.py:14:61: W291 trailing whitespace
./PyRoboViz/randomwalk.py:19:73: W291 trailing whitespace
./PyRoboViz/randomwalk.py:31:10: E221 multiple spaces before operator
./PyRoboViz/randomwalk.py:39:1: E305 expected 2 blank lines after class or function definition, found 1
./PyRoboViz/randomwalk.py:47:8: E714 test for object identity should be 'is not'
./PyRoboViz/randomwalk.py:55:23: E231 missing whitespace after ','
./PyRoboViz/randomwalk.py:55:25: E231 missing whitespace after ','
./PyRoboViz/setup.py:9:63: W291 trailing whitespace
./PyRoboViz/setup.py:10:67: W291 trailing whitespace
./PyRoboViz/setup.py:12:61: W291 trailing whitespace
./PyRoboViz/setup.py:20:11: E251 unexpected spaces around keyword / parameter equals
./PyRoboViz/setup.py:20:13: E251 unexpected spaces around keyword / parameter equals
./PyRoboViz/setup.py:21:15: E251 unexpected spaces around keyword / parameter equals
./PyRoboViz/setup.py:21:17: E251 unexpected spaces around keyword / parameter equals
./PyRoboViz/roboviz/__init__.py:11:63: W291 trailing whitespace
./PyRoboViz/roboviz/__init__.py:12:67: W291 trailing whitespace
./PyRoboViz/roboviz/__init__.py:15:61: W291 trailing whitespace
./PyRoboViz/roboviz/__init__.py:36:18: E221 multiple spaces before operator
./PyRoboViz/roboviz/__init__.py:37:1: W293 blank line contains whitespace
./PyRoboViz/roboviz/__init__.py:59:1: W293 blank line contains whitespace
./PyRoboViz/roboviz/__init__.py:61:37: E231 missing whitespace after ','
./PyRoboViz/roboviz/__init__.py:82:32: E231 missing whitespace after ','
./PyRoboViz/roboviz/__init__.py:82:63: E231 missing whitespace after ','
./PyRoboViz/roboviz/__init__.py:111:62: W291 trailing whitespace
./PyRoboViz/roboviz/__init__.py:120:12: E231 missing whitespace after ','
./PyRoboViz/roboviz/__init__.py:123:12: E714 test for object identity should be 'is not'
./PyRoboViz/roboviz/__init__.py:130:9: E741 ambiguous variable name 'l'
./PyRoboViz/roboviz/__init__.py:133:1: W293 blank line contains whitespace
./PyRoboViz/roboviz/__init__.py:136:21: E225 missing whitespace around operator
./PyRoboViz/roboviz/__init__.py:136:49: W291 trailing whitespace
./PyRoboViz/roboviz/__init__.py:137:17: E128 continuation line under-indented for visual indent
./PyRoboViz/roboviz/__init__.py:137:63: W291 trailing whitespace
./PyRoboViz/roboviz/__init__.py:138:17: E128 continuation line under-indented for visual indent
./PyRoboViz/roboviz/__init__.py:141:34: E231 missing whitespace after ','
./PyRoboViz/roboviz/__init__.py:142:30: E714 test for object identity should be 'is not'
./PyRoboViz/roboviz/__init__.py:143:60: E231 missing whitespace after ','
./PyRoboViz/roboviz/__init__.py:143:90: E231 missing whitespace after ','
./PyRoboViz/roboviz/__init__.py:146:24: W291 trailing whitespace
./PyRoboViz/roboviz/__init__.py:157:27: E261 at least two spaces before inline comment
./PyRoboViz/roboviz/__init__.py:159:9: E722 do not use bare 'except'
./PyRoboViz/roboviz/__init__.py:169:1: W293 blank line contains whitespace
./PyRoboViz/roboviz/__init__.py:171:1: W293 blank line contains whitespace
./PyRoboViz/roboviz/__init__.py:182:9: E265 block comment should start with '# '
./PyRoboViz/roboviz/__init__.py:182:126: E501 line too long (232 > 125 characters)
./PyRoboViz/roboviz/__init__.py:196:1: W391 blank line at end of file
./PyRoboViz/build/lib/roboviz/__init__.py:11:63: W291 trailing whitespace
./PyRoboViz/build/lib/roboviz/__init__.py:12:67: W291 trailing whitespace
./PyRoboViz/build/lib/roboviz/__init__.py:15:61: W291 trailing whitespace
./PyRoboViz/build/lib/roboviz/__init__.py:36:18: E221 multiple spaces before operator
./PyRoboViz/build/lib/roboviz/__init__.py:37:1: W293 blank line contains whitespace
./PyRoboViz/build/lib/roboviz/__init__.py:59:1: W293 blank line contains whitespace
./PyRoboViz/build/lib/roboviz/__init__.py:61:37: E231 missing whitespace after ','
./PyRoboViz/build/lib/roboviz/__init__.py:82:32: E231 missing whitespace after ','
./PyRoboViz/build/lib/roboviz/__init__.py:82:63: E231 missing whitespace after ','
./PyRoboViz/build/lib/roboviz/__init__.py:111:62: W291 trailing whitespace
./PyRoboViz/build/lib/roboviz/__init__.py:120:12: E231 missing whitespace after ','
./PyRoboViz/build/lib/roboviz/__init__.py:123:12: E714 test for object identity should be 'is not'
./PyRoboViz/build/lib/roboviz/__init__.py:130:9: E741 ambiguous variable name 'l'
./PyRoboViz/build/lib/roboviz/__init__.py:133:1: W293 blank line contains whitespace
./PyRoboViz/build/lib/roboviz/__init__.py:136:21: E225 missing whitespace around operator
./PyRoboViz/build/lib/roboviz/__init__.py:136:49: W291 trailing whitespace
./PyRoboViz/build/lib/roboviz/__init__.py:137:17: E128 continuation line under-indented for visual indent
./PyRoboViz/build/lib/roboviz/__init__.py:137:63: W291 trailing whitespace
./PyRoboViz/build/lib/roboviz/__init__.py:138:17: E128 continuation line under-indented for visual indent
./PyRoboViz/build/lib/roboviz/__init__.py:141:34: E231 missing whitespace after ','
./PyRoboViz/build/lib/roboviz/__init__.py:142:30: E714 test for object identity should be 'is not'
./PyRoboViz/build/lib/roboviz/__init__.py:143:60: E231 missing whitespace after ','
./PyRoboViz/build/lib/roboviz/__init__.py:143:90: E231 missing whitespace after ','
./PyRoboViz/build/lib/roboviz/__init__.py:146:24: W291 trailing whitespace
./PyRoboViz/build/lib/roboviz/__init__.py:157:27: E261 at least two spaces before inline comment
./PyRoboViz/build/lib/roboviz/__init__.py:159:9: E722 do not use bare 'except'
./PyRoboViz/build/lib/roboviz/__init__.py:169:1: W293 blank line contains whitespace
./PyRoboViz/build/lib/roboviz/__init__.py:171:1: W293 blank line contains whitespace
./PyRoboViz/build/lib/roboviz/__init__.py:182:9: E265 block comment should start with '# '
./PyRoboViz/build/lib/roboviz/__init__.py:182:126: E501 line too long (232 > 125 characters)
./PyRoboViz/build/lib/roboviz/__init__.py:196:1: W391 blank line at end of file
./car_controller/CANStateController.py:14:46: W291 trailing whitespace
./car_controller/CANStateController.py:15:27: W291 trailing whitespace
./car_controller/CANStateController.py:19:5: E303 too many blank lines (2)
./car_controller/CANStateController.py:27:5: E303 too many blank lines (2)
./car_controller/CANStateController.py:36:29: W292 no newline at end of file
./car_controller/CANStateModel.py:6:5: E301 expected 1 blank line, found 0
./car_controller/CANStateModel.py:9:23: E241 multiple spaces after ','
./car_controller/CANStateModel.py:16:1: E303 too many blank lines (3)
./car_controller/CANStateModel.py:29:1: W293 blank line contains whitespace
./car_controller/CANStateModel.py:29:1: W391 blank line at end of file
./car_controller/CarController.py:31:58: E251 unexpected spaces around keyword / parameter equals
./car_controller/CarController.py:31:60: E251 unexpected spaces around keyword / parameter equals
./car_controller/CarController.py:35:1: W293 blank line contains whitespace
./car_controller/CarController.py:37:1: W293 blank line contains whitespace
./car_controller/CarController.py:45:1: W293 blank line contains whitespace
./car_controller/CarController.py:49:1: W293 blank line contains whitespace
./car_controller/CarController.py:71:1: W293 blank line contains whitespace
./car_controller/CarController.py:77:1: W293 blank line contains whitespace
./car_controller/CarController.py:78:5: E303 too many blank lines (2)
./car_controller/CarController.py:80:45: W291 trailing whitespace
./car_controller/CarController.py:84:1: W293 blank line contains whitespace
./car_controller/CarController.py:98:45: W291 trailing whitespace
./car_controller/CarController.py:103:36: W291 trailing whitespace
./car_controller/CarController.py:123:14: W291 trailing whitespace
./car_controller/CarController.py:124:34: W291 trailing whitespace
./car_controller/CarController.py:138:44: W291 trailing whitespace
./car_controller/CarController.py:158:1: W293 blank line contains whitespace
./car_controller/CarController.py:160:5: E303 too many blank lines (2)
./car_controller/CarController.py:166:1: W293 blank line contains whitespace
./car_controller/CarController.py:169:1: W293 blank line contains whitespace
./car_controller/CarController.py:191:53: W291 trailing whitespace
./car_controller/CarController.py:202:9: E722 do not use bare 'except'
./car_controller/CarController.py:203:23: E211 whitespace before '('
./car_controller/CarController.py:226:19: E231 missing whitespace after ','
./car_controller/CarController.py:226:26: E225 missing whitespace around operator
./car_controller/CarController.py:226:31: W291 trailing whitespace
./car_controller/CarController.py:227:17: W291 trailing whitespace
./car_controller/CarController.py:234:17: E265 block comment should start with '# '
./car_controller/ConfigModel.py:6:29: W292 no newline at end of file
./car_controller/LidarController.py:35:29: W292 no newline at end of file
./car_controller/LidarScanModel.py:10:1: W293 blank line contains whitespace
./car_controller/LidarScanModel.py:17:38: W292 no newline at end of file
./car_controller/Signal.py:16:12: W291 trailing whitespace
./car_controller/Signal.py:18:1: W293 blank line contains whitespace
./car_controller/Signal.py:23:23: W292 no newline at end of file
./car_controller/SlamController.py:7:16: E221 multiple spaces before operator
./car_controller/SlamController.py:8:16: E221 multiple spaces before operator
./car_controller/SlamController.py:9:13: E221 multiple spaces before operator
./car_controller/SlamController.py:15:16: E221 multiple spaces before operator
./car_controller/SlamController.py:30:21: E222 multiple spaces after operator
./car_controller/SlamController.py:37:1: W293 blank line contains whitespace
./car_controller/SlamController.py:38:1: W293 blank line contains whitespace
./car_controller/SlamController.py:38:1: W391 blank line at end of file
./car_controller/SlamDataModel.py:3:16: E221 multiple spaces before operator
./car_controller/SlamDataModel.py:4:16: E221 multiple spaces before operator
./car_controller/SlamDataModel.py:24:1: W391 blank line at end of file
./car_controller/StateModel.py:17:33: E711 comparison to None should be 'if cond is not None:'
./car_controller/ZmqModel.py:4:37: W292 no newline at end of file
./car_controller/__init__.py:1:1: E265 block comment should start with '# '
./car_controller/__init__.py:1:75: W292 no newline at end of file
./car_controller/__init__.py:1:75: W292 no newline at end of file
./car_controller/__init__.py:1:75: W292 no newline at end of file
./car_controller/car_controller_.py:38:5: E303 too many blank lines (2)
./car_controller/car_controller_.py:41:5: E303 too many blank lines (2)
./car_controller/car_controller_.py:41:58: E251 unexpected spaces around keyword / parameter equals
./car_controller/car_controller_.py:41:60: E251 unexpected spaces around keyword / parameter equals
./car_controller/car_controller_.py:45:1: W293 blank line contains whitespace
./car_controller/car_controller_.py:89:17: E128 continuation line under-indented for visual indent
./car_controller/car_controller_.py:90:17: E128 continuation line under-indented for visual indent
./car_controller/car_controller_.py:95:1: W293 blank line contains whitespace
./car_controller/car_controller_.py:96:5: E303 too many blank lines (2)
./car_controller/car_controller_.py:98:45: W291 trailing whitespace
./car_controller/car_controller_.py:103:39: W291 trailing whitespace
./car_controller/car_controller_.py:110:5: E303 too many blank lines (2)
./car_controller/car_controller_.py:211:9: E265 block comment should start with '# '
./car_controller/comms_bytes.py:48:19: E261 at least two spaces before inline comment
./car_controller/comms_bytes.py:49:13: E222 multiple spaces after operator
./car_controller/comms_bytes.py:49:19: E261 at least two spaces before inline comment
./car_controller/config.py:2:18: W292 no newline at end of file
./car_controller/lidar_proto_pb2.py:16:1: E303 too many blank lines (4)
./car_controller/lidar_proto_pb2.py:17:3: E121 continuation line under-indented for hanging indent
./car_controller/lidar_proto_pb2.py:21:126: E501 line too long (558 > 125 characters)
./car_controller/lidar_proto_pb2.py:26:1: E303 too many blank lines (3)
./car_controller/lidar_proto_pb2.py:27:3: E121 continuation line under-indented for hanging indent
./car_controller/lidar_proto_pb2.py:32:5: E121 continuation line under-indented for hanging indent
./car_controller/lidar_proto_pb2.py:33:7: E121 continuation line under-indented for hanging indent
./car_controller/lidar_proto_pb2.py:37:7: E121 continuation line under-indented for hanging indent
./car_controller/lidar_proto_pb2.py:50:3: E121 continuation line under-indented for hanging indent
./car_controller/lidar_proto_pb2.py:56:5: E121 continuation line under-indented for hanging indent
./car_controller/lidar_proto_pb2.py:57:7: E121 continuation line under-indented for hanging indent
./car_controller/lidar_proto_pb2.py:64:7: E121 continuation line under-indented for hanging indent
./car_controller/lidar_proto_pb2.py:75:5: E121 continuation line under-indented for hanging indent
./car_controller/lidar_proto_pb2.py:89:3: E121 continuation line under-indented for hanging indent
./car_controller/lidar_proto_pb2.py:95:5: E121 continuation line under-indented for hanging indent
./car_controller/lidar_proto_pb2.py:96:7: E121 continuation line under-indented for hanging indent
./car_controller/lidar_proto_pb2.py:103:7: E121 continuation line under-indented for hanging indent
./car_controller/lidar_proto_pb2.py:127:3: E121 continuation line under-indented for hanging indent
./car_controller/lidar_proto_pb2.py:133:5: E121 continuation line under-indented for hanging indent
./car_controller/lidar_proto_pb2.py:134:7: E121 continuation line under-indented for hanging indent
./car_controller/lidar_proto_pb2.py:141:7: E121 continuation line under-indented for hanging indent
./car_controller/lidar_proto_pb2.py:165:3: E121 continuation line under-indented for hanging indent
./car_controller/lidar_proto_pb2.py:171:5: E121 continuation line under-indented for hanging indent
./car_controller/lidar_proto_pb2.py:172:7: E121 continuation line under-indented for hanging indent
./car_controller/lidar_proto_pb2.py:196:3: E121 continuation line under-indented for hanging indent
./car_controller/lidar_proto_pb2.py:202:5: E121 continuation line under-indented for hanging indent
./car_controller/lidar_proto_pb2.py:203:7: E121 continuation line under-indented for hanging indent
./car_controller/lidar_proto_pb2.py:236:3: E121 continuation line under-indented for hanging indent
./car_controller/lidar_proto_pb2.py:236:15: E203 whitespace before ':'
./car_controller/lidar_proto_pb2.py:237:15: E203 whitespace before ':'
./car_controller/lidar_proto_pb2.py:239:3: E123 closing bracket does not match indentation of opening bracket's line
./car_controller/lidar_proto_pb2.py:243:3: E121 continuation line under-indented for hanging indent
./car_controller/lidar_proto_pb2.py:243:15: E203 whitespace before ':'
./car_controller/lidar_proto_pb2.py:244:15: E203 whitespace before ':'
./car_controller/lidar_proto_pb2.py:246:3: E123 closing bracket does not match indentation of opening bracket's line
./car_controller/lidar_proto_pb2.py:250:3: E121 continuation line under-indented for hanging indent
./car_controller/lidar_proto_pb2.py:250:15: E203 whitespace before ':'
./car_controller/lidar_proto_pb2.py:251:15: E203 whitespace before ':'
./car_controller/lidar_proto_pb2.py:253:3: E123 closing bracket does not match indentation of opening bracket's line
./car_controller/lidar_proto_pb2.py:257:3: E121 continuation line under-indented for hanging indent
./car_controller/lidar_proto_pb2.py:257:15: E203 whitespace before ':'
./car_controller/lidar_proto_pb2.py:258:15: E203 whitespace before ':'
./car_controller/lidar_proto_pb2.py:260:3: E123 closing bracket does not match indentation of opening bracket's line
./car_controller/lidar_proto_pb2.py:264:3: E121 continuation line under-indented for hanging indent
./car_controller/lidar_proto_pb2.py:264:15: E203 whitespace before ':'
./car_controller/lidar_proto_pb2.py:265:15: E203 whitespace before ':'
./car_controller/lidar_proto_pb2.py:267:3: E123 closing bracket does not match indentation of opening bracket's line
./car_controller/message.py:33:5: E303 too many blank lines (2)
./car_controller/message.py:80:14: E225 missing whitespace around operator
./car_controller/message.py:243:1: E303 too many blank lines (3)
./car_controller/message.py:267:9: E265 block comment should start with '# '
./car_controller/message.py:354:37: E261 at least two spaces before inline comment
./car_controller/message.py:354:38: E262 inline comment should start with '# '
./car_controller/message.py:359:44: E261 at least two spaces before inline comment
./car_controller/signal_protobuf_pb2.py:5:3: E225 missing whitespace around operator
./car_controller/signal_protobuf_pb2.py:5:23: E225 missing whitespace around operator
./car_controller/signal_protobuf_pb2.py:5:39: E231 missing whitespace after ':'
./car_controller/signal_protobuf_pb2.py:5:55: E231 missing whitespace after ':'
./car_controller/signal_protobuf_pb2.py:6:1: E402 module level import not at top of file
./car_controller/signal_protobuf_pb2.py:7:1: E402 module level import not at top of file
./car_controller/signal_protobuf_pb2.py:8:1: E402 module level import not at top of file
./car_controller/signal_protobuf_pb2.py:9:1: E402 module level import not at top of file
./car_controller/signal_protobuf_pb2.py:10:1: E402 module level import not at top of file
./car_controller/signal_protobuf_pb2.py:18:1: E303 too many blank lines (4)
./car_controller/signal_protobuf_pb2.py:19:3: E121 continuation line under-indented for hanging indent
./car_controller/signal_protobuf_pb2.py:22:126: E501 line too long (490 > 125 characters)
./car_controller/signal_protobuf_pb2.py:28:1: E303 too many blank lines (4)
./car_controller/signal_protobuf_pb2.py:29:3: E121 continuation line under-indented for hanging indent
./car_controller/signal_protobuf_pb2.py:35:5: E121 continuation line under-indented for hanging indent
./car_controller/signal_protobuf_pb2.py:36:7: E121 continuation line under-indented for hanging indent
./car_controller/signal_protobuf_pb2.py:43:7: E121 continuation line under-indented for hanging indent
./car_controller/signal_protobuf_pb2.py:67:3: E121 continuation line under-indented for hanging indent
./car_controller/signal_protobuf_pb2.py:73:5: E121 continuation line under-indented for hanging indent
./car_controller/signal_protobuf_pb2.py:74:7: E121 continuation line under-indented for hanging indent
./car_controller/signal_protobuf_pb2.py:81:7: E121 continuation line under-indented for hanging indent
./car_controller/signal_protobuf_pb2.py:88:7: E121 continuation line under-indented for hanging indent
./car_controller/signal_protobuf_pb2.py:95:7: E121 continuation line under-indented for hanging indent
./car_controller/signal_protobuf_pb2.py:102:7: E121 continuation line under-indented for hanging indent
./car_controller/signal_protobuf_pb2.py:119:5: E121 continuation line under-indented for hanging indent
./car_controller/signal_protobuf_pb2.py:120:7: E121 continuation line under-indented for hanging indent
./car_controller/signal_protobuf_pb2.py:129:3: E121 continuation line under-indented for hanging indent
./car_controller/signal_protobuf_pb2.py:135:5: E121 continuation line under-indented for hanging indent
./car_controller/signal_protobuf_pb2.py:136:7: E121 continuation line under-indented for hanging indent
./car_controller/signal_protobuf_pb2.py:160:3: E121 continuation line under-indented for hanging indent
./car_controller/signal_protobuf_pb2.py:163:3: E121 continuation line under-indented for hanging indent
./car_controller/signal_protobuf_pb2.py:166:3: E121 continuation line under-indented for hanging indent
./car_controller/signal_protobuf_pb2.py:169:3: E121 continuation line under-indented for hanging indent
./car_controller/signal_protobuf_pb2.py:177:3: E121 continuation line under-indented for hanging indent
./car_controller/signal_protobuf_pb2.py:177:13: E251 unexpected spaces around keyword / parameter equals
./car_controller/signal_protobuf_pb2.py:177:15: E251 unexpected spaces around keyword / parameter equals
./car_controller/signal_protobuf_pb2.py:178:13: E251 unexpected spaces around keyword / parameter equals
./car_controller/signal_protobuf_pb2.py:178:15: E251 unexpected spaces around keyword / parameter equals
./car_controller/signal_protobuf_pb2.py:180:3: E123 closing bracket does not match indentation of opening bracket's line
./car_controller/signal_protobuf_pb2.py:184:3: E121 continuation line under-indented for hanging indent
./car_controller/signal_protobuf_pb2.py:184:13: E251 unexpected spaces around keyword / parameter equals
./car_controller/signal_protobuf_pb2.py:184:15: E251 unexpected spaces around keyword / parameter equals
./car_controller/signal_protobuf_pb2.py:185:13: E251 unexpected spaces around keyword / parameter equals
./car_controller/signal_protobuf_pb2.py:185:15: E251 unexpected spaces around keyword / parameter equals
./car_controller/signal_protobuf_pb2.py:187:3: E123 closing bracket does not match indentation of opening bracket's line
./car_controller/signal_protobuf_pb2.py:191:3: E121 continuation line under-indented for hanging indent
./car_controller/signal_protobuf_pb2.py:191:13: E251 unexpected spaces around keyword / parameter equals
./car_controller/signal_protobuf_pb2.py:191:15: E251 unexpected spaces around keyword / parameter equals
./car_controller/signal_protobuf_pb2.py:192:13: E251 unexpected spaces around keyword / parameter equals
./car_controller/signal_protobuf_pb2.py:192:15: E251 unexpected spaces around keyword / parameter equals
./car_controller/signal_protobuf_pb2.py:194:3: E123 closing bracket does not match indentation of opening bracket's line
3       E112 expected an indented block
1       E113 unexpected indentation
1       E115 expected an indented block (comment)
2       E116 unexpected indentation (comment)
3       E117 over-indented
82      E121 continuation line under-indented for hanging indent
13      E123 closing bracket does not match indentation of opening bracket's line
2       E127 continuation line over-indented for visual indent
33      E128 continuation line under-indented for visual indent
10      E201 whitespace after '['
9       E202 whitespace before ']'
11      E203 whitespace before ','
2       E211 whitespace before '('
38      E221 multiple spaces before operator
2       E222 multiple spaces after operator
11      E225 missing whitespace around operator
226     E231 missing whitespace after ','
2       E241 multiple spaces after ','
126     E251 unexpected spaces around keyword / parameter equals
2       E252 missing whitespace around parameter equals
31      E261 at least two spaces before inline comment
15      E262 inline comment should start with '# '
46      E265 block comment should start with '# '
2       E301 expected 1 blank line, found 0
27      E303 too many blank lines (2)
3       E305 expected 2 blank lines after class or function definition, found 0
10      E402 module level import not at top of file
10      E501 line too long (139 > 125 characters)
3       E711 comparison to None should be 'if cond is None:'
5       E714 test for object identity should be 'is not'
3       E722 do not use bare 'except'
2       E741 ambiguous variable name 'l'
1       E901 TokenError: EOF in multi-line statement
4       W191 indentation contains tabs
51      W291 trailing whitespace
27      W292 no newline at end of file
53      W293 blank line contains whitespace
8       W391 blank line at end of file
2       W504 line break after binary operator
